#
# There is insufficient memory for the Java Runtime Environment to continue.
# Native memory allocation (malloc) failed to allocate 32744 bytes for ChunkPool::allocate
# Possible reasons:
#   The system is out of physical RAM or swap space
#   The process is running with CompressedOops enabled, and the Java Heap may be blocking the growth of the native heap
# Possible solutions:
#   Reduce memory load on the system
#   Increase physical memory or swap space
#   Check if swap backing store is full
#   Decrease Java heap size (-Xmx/-Xms)
#   Decrease number of Java threads
#   Decrease Java thread stack sizes (-Xss)
#   Set larger code cache with -XX:ReservedCodeCacheSize=
#   JVM is running with Zero Based Compressed Oops mode in which the Java heap is
#     placed in the first 32GB address space. The Java Heap base address is the
#     maximum limit for the native heap growth. Please use -XX:HeapBaseMinAddress
#     to set the Java Heap base and to place the Java Heap above 32GB virtual address.
# This output file may be truncated or incomplete.
#
#  Out of Memory Error (arena.cpp:78), pid=2208, tid=16796
#
# JRE version: Java(TM) SE Runtime Environment (17.0.10+11) (build 17.0.10+11-LTS-240)
# Java VM: Java HotSpot(TM) 64-Bit Server VM (17.0.10+11-LTS-240, mixed mode, sharing, tiered, compressed oops, compressed class ptrs, g1 gc, windows-amd64)
# No core dump will be written. Minidumps are not enabled by default on client versions of Windows
#

---------------  S U M M A R Y ------------

Command Line: -javaagent:C:\Program Files\JetBrains\IntelliJ IDEA Community Edition 2023.1.1\lib\idea_rt.jar=63823:C:\Program Files\JetBrains\IntelliJ IDEA Community Edition 2023.1.1\bin -Dfile.encoding=UTF-8 com.example.social.SocialApplication

Host: Intel(R) Core(TM) i5-10300H CPU @ 2.50GHz, 8 cores, 15G,  Windows 11 , 64 bit Build 22621 (10.0.22621.3085)
Time: Sat Feb 24 00:36:33 2024 SE Asia Standard Time elapsed time: 64.178062 seconds (0d 0h 1m 4s)

---------------  T H R E A D  ---------------

Current thread (0x0000027e7eb8c8a0):  JavaThread "C2 CompilerThread0" daemon [_thread_in_native, id=16796, stack(0x000000c03db00000,0x000000c03dc00000)]


Current CompileTask:
C2:  64178 4665       4       java.lang.invoke.MethodType::toMethodDescriptorString (28 bytes)

Stack: [0x000000c03db00000,0x000000c03dc00000]
Native frames: (J=compiled Java code, j=interpreted, Vv=VM code, C=native code)
V  [jvm.dll+0x677a5a]
V  [jvm.dll+0x7d8b2d]
V  [jvm.dll+0x7da48e]
V  [jvm.dll+0x7daaf3]
V  [jvm.dll+0x2455ff]
V  [jvm.dll+0xaad50]
V  [jvm.dll+0xab09c]
V  [jvm.dll+0x654ca5]
V  [jvm.dll+0x6547ce]
V  [jvm.dll+0x1b8ce5]
V  [jvm.dll+0x688378]
V  [jvm.dll+0x689c05]
V  [jvm.dll+0x68811a]
V  [jvm.dll+0x6876a0]
V  [jvm.dll+0x6855aa]
V  [jvm.dll+0x1a666c]
V  [jvm.dll+0x1a71fb]
V  [jvm.dll+0x2aa21c]
V  [jvm.dll+0x690083]
V  [jvm.dll+0x688056]
V  [jvm.dll+0x6876a0]
V  [jvm.dll+0x6855aa]
V  [jvm.dll+0x1a666c]
V  [jvm.dll+0x2aa21c]
V  [jvm.dll+0x690083]
V  [jvm.dll+0x688056]
V  [jvm.dll+0x6876a0]
V  [jvm.dll+0x6855aa]
V  [jvm.dll+0x1a666c]
V  [jvm.dll+0x1a71fb]
V  [jvm.dll+0x1a4c27]
V  [jvm.dll+0x21fbae]
V  [jvm.dll+0x216a37]
V  [jvm.dll+0x1a3410]
V  [jvm.dll+0x226aeb]
V  [jvm.dll+0x224cab]
V  [jvm.dll+0x78e45c]
V  [jvm.dll+0x78888a]
V  [jvm.dll+0x676935]
C  [ucrtbase.dll+0x29363]
C  [KERNEL32.DLL+0x1257d]
C  [ntdll.dll+0x5aa58]


---------------  P R O C E S S  ---------------

Threads class SMR info:
_java_thread_list=0x0000027e47377190, length=34, elements={
0x0000027e7eb6ec30, 0x0000027e7eb6fab0, 0x0000027e7eb835a0, 0x0000027e7eb84160,
0x0000027e7eb86c30, 0x0000027e7eb88600, 0x0000027e7eb8c8a0, 0x0000027e7eb8d750,
0x0000027e7ed0ba30, 0x0000027e7ed0a5f0, 0x0000027e7ed0c450, 0x0000027e7ed0b010,
0x0000027e7ed0d380, 0x0000027e7ed0ab00, 0x0000027e7ed0d890, 0x0000027e7ed0bf40,
0x0000027e7ed0a0e0, 0x0000027e7ed0c960, 0x0000027e7ed0ce70, 0x0000027e46874af0,
0x0000027e46872c90, 0x0000027e46876950, 0x0000027e46877d90, 0x0000027e468740d0,
0x0000027e46876e60, 0x0000027e46875f30, 0x0000027e468745e0, 0x0000027e468791d0,
0x0000027e468782a0, 0x0000027e468787b0, 0x0000027e468731a0, 0x0000027e46875000,
0x0000027e46878cc0, 0x0000027e46877370
}

Java Threads: ( => current thread )
  0x0000027e7eb6ec30 JavaThread "Reference Handler" daemon [_thread_blocked, id=12528, stack(0x000000c03d500000,0x000000c03d600000)]
  0x0000027e7eb6fab0 JavaThread "Finalizer" daemon [_thread_blocked, id=9708, stack(0x000000c03d600000,0x000000c03d700000)]
  0x0000027e7eb835a0 JavaThread "Signal Dispatcher" daemon [_thread_blocked, id=13236, stack(0x000000c03d700000,0x000000c03d800000)]
  0x0000027e7eb84160 JavaThread "Attach Listener" daemon [_thread_blocked, id=17340, stack(0x000000c03d800000,0x000000c03d900000)]
  0x0000027e7eb86c30 JavaThread "Service Thread" daemon [_thread_blocked, id=22092, stack(0x000000c03d900000,0x000000c03da00000)]
  0x0000027e7eb88600 JavaThread "Monitor Deflation Thread" daemon [_thread_blocked, id=8320, stack(0x000000c03da00000,0x000000c03db00000)]
=>0x0000027e7eb8c8a0 JavaThread "C2 CompilerThread0" daemon [_thread_in_native, id=16796, stack(0x000000c03db00000,0x000000c03dc00000)]
  0x0000027e7eb8d750 JavaThread "C1 CompilerThread0" daemon [_thread_blocked, id=12816, stack(0x000000c03dc00000,0x000000c03dd00000)]
  0x0000027e7ed0ba30 JavaThread "Sweeper thread" daemon [_thread_blocked, id=15856, stack(0x000000c03dd00000,0x000000c03de00000)]
  0x0000027e7ed0a5f0 JavaThread "Common-Cleaner" daemon [_thread_blocked, id=13484, stack(0x000000c03de00000,0x000000c03df00000)]
  0x0000027e7ed0c450 JavaThread "Monitor Ctrl-Break" daemon [_thread_in_native, id=13072, stack(0x000000c03df00000,0x000000c03e000000)]
  0x0000027e7ed0b010 JavaThread "Notification Thread" daemon [_thread_blocked, id=5992, stack(0x000000c03e000000,0x000000c03e100000)]
  0x0000027e7ed0d380 JavaThread "Catalina-utility-1" [_thread_blocked, id=21976, stack(0x000000c03ed00000,0x000000c03ee00000)]
  0x0000027e7ed0ab00 JavaThread "Catalina-utility-2" [_thread_blocked, id=10456, stack(0x000000c03ee00000,0x000000c03ef00000)]
  0x0000027e7ed0d890 JavaThread "container-0" [_thread_blocked, id=8628, stack(0x000000c03ef00000,0x000000c03f000000)]
  0x0000027e7ed0bf40 JavaThread "BufferPoolPruner-1-thread-1" daemon [_thread_blocked, id=22812, stack(0x000000c03f000000,0x000000c03f100000)]
  0x0000027e7ed0a0e0 JavaThread "cluster-ClusterId{value='65d8d7649d48b9104687a534', description='null'}-localhost:27017" daemon [_thread_in_native, id=23396, stack(0x000000c03f100000,0x000000c03f200000)]
  0x0000027e7ed0c960 JavaThread "cluster-rtt-ClusterId{value='65d8d7649d48b9104687a534', description='null'}-localhost:27017" daemon [_thread_blocked, id=19976, stack(0x000000c03f200000,0x000000c03f300000)]
  0x0000027e7ed0ce70 JavaThread "MaintenanceTimer-2-thread-1" daemon [_thread_blocked, id=16560, stack(0x000000c03f400000,0x000000c03f500000)]
  0x0000027e46874af0 JavaThread "MessageBroker-1" [_thread_blocked, id=12100, stack(0x000000c03f500000,0x000000c03f600000)]
  0x0000027e46872c90 JavaThread "http-nio-8080-exec-1" daemon [_thread_blocked, id=13820, stack(0x000000c03f600000,0x000000c03f700000)]
  0x0000027e46876950 JavaThread "http-nio-8080-exec-2" daemon [_thread_blocked, id=13076, stack(0x000000c03f700000,0x000000c03f800000)]
  0x0000027e46877d90 JavaThread "http-nio-8080-exec-3" daemon [_thread_blocked, id=13792, stack(0x000000c03f800000,0x000000c03f900000)]
  0x0000027e468740d0 JavaThread "http-nio-8080-exec-4" daemon [_thread_blocked, id=14696, stack(0x000000c03f900000,0x000000c03fa00000)]
  0x0000027e46876e60 JavaThread "http-nio-8080-exec-5" daemon [_thread_blocked, id=20760, stack(0x000000c03fa00000,0x000000c03fb00000)]
  0x0000027e46875f30 JavaThread "http-nio-8080-exec-6" daemon [_thread_blocked, id=7960, stack(0x000000c03fb00000,0x000000c03fc00000)]
  0x0000027e468745e0 JavaThread "http-nio-8080-exec-7" daemon [_thread_blocked, id=22568, stack(0x000000c03fc00000,0x000000c03fd00000)]
  0x0000027e468791d0 JavaThread "http-nio-8080-exec-8" daemon [_thread_blocked, id=1484, stack(0x000000c03fd00000,0x000000c03fe00000)]
  0x0000027e468782a0 JavaThread "http-nio-8080-exec-9" daemon [_thread_blocked, id=10472, stack(0x000000c03fe00000,0x000000c03ff00000)]
  0x0000027e468787b0 JavaThread "http-nio-8080-exec-10" daemon [_thread_blocked, id=13364, stack(0x000000c03ff00000,0x000000c040000000)]
  0x0000027e468731a0 JavaThread "http-nio-8080-Poller" daemon [_thread_in_native, id=18740, stack(0x000000c040000000,0x000000c040100000)]
  0x0000027e46875000 JavaThread "http-nio-8080-Acceptor" daemon [_thread_in_native, id=12728, stack(0x000000c040100000,0x000000c040200000)]
  0x0000027e46878cc0 JavaThread "DestroyJavaVM" [_thread_blocked, id=23440, stack(0x000000c03ce00000,0x000000c03cf00000)]
  0x0000027e46877370 JavaThread "MessageBroker-2" [_thread_blocked, id=19972, stack(0x000000c03cb00000,0x000000c03cc00000)]

Other Threads:
  0x0000027e7eb69020 VMThread "VM Thread" [stack: 0x000000c03d400000,0x000000c03d500000] [id=12512]
  0x0000027e5bf27390 WatcherThread [stack: 0x000000c03e100000,0x000000c03e200000] [id=22300]
  0x0000027e5bf05c50 GCTaskThread "GC Thread#0" [stack: 0x000000c03cf00000,0x000000c03d000000] [id=8724]
  0x0000027e7f45c890 GCTaskThread "GC Thread#1" [stack: 0x000000c03e300000,0x000000c03e400000] [id=14752]
  0x0000027e7f45cb50 GCTaskThread "GC Thread#2" [stack: 0x000000c03e400000,0x000000c03e500000] [id=8196]
  0x0000027e7f45ce10 GCTaskThread "GC Thread#3" [stack: 0x000000c03e500000,0x000000c03e600000] [id=4780]
  0x0000027e7f45d0d0 GCTaskThread "GC Thread#4" [stack: 0x000000c03e600000,0x000000c03e700000] [id=23272]
  0x0000027e7f693470 GCTaskThread "GC Thread#5" [stack: 0x000000c03e700000,0x000000c03e800000] [id=21072]
  0x0000027e45318d10 GCTaskThread "GC Thread#6" [stack: 0x000000c03e900000,0x000000c03ea00000] [id=14320]
  0x0000027e453fba40 GCTaskThread "GC Thread#7" [stack: 0x000000c03ea00000,0x000000c03eb00000] [id=8528]
  0x0000027e5bf16920 ConcurrentGCThread "G1 Main Marker" [stack: 0x000000c03d000000,0x000000c03d100000] [id=6900]
  0x0000027e5bf17ad0 ConcurrentGCThread "G1 Conc#0" [stack: 0x000000c03d100000,0x000000c03d200000] [id=20988]
  0x0000027e46a8c750 ConcurrentGCThread "G1 Conc#1" [stack: 0x000000c03eb00000,0x000000c03ec00000] [id=23072]
  0x0000027e5bf5d8e0 ConcurrentGCThread "G1 Refine#0" [stack: 0x000000c03d200000,0x000000c03d300000] [id=16488]
  0x0000027e45a448d0 ConcurrentGCThread "G1 Refine#1" [stack: 0x000000c03ec00000,0x000000c03ed00000] [id=2984]
  0x0000027e7ea23440 ConcurrentGCThread "G1 Service" [stack: 0x000000c03d300000,0x000000c03d400000] [id=18700]

Threads with active compile tasks:
C2 CompilerThread0    64205 4665       4       java.lang.invoke.MethodType::toMethodDescriptorString (28 bytes)

VM state: not at safepoint (normal execution)

VM Mutex/Monitor currently owned by a thread: None

Heap address: 0x0000000702800000, size: 4056 MB, Compressed Oops mode: Zero based, Oop shift amount: 3

CDS archive(s) mapped at: [0x0000027e00000000-0x0000027e00bd0000-0x0000027e00bd0000), size 12386304, SharedBaseAddress: 0x0000027e00000000, ArchiveRelocationMode: 1.
Compressed class space mapped at: 0x0000027e01000000-0x0000027e41000000, reserved size: 1073741824
Narrow klass base: 0x0000027e00000000, Narrow klass shift: 0, Narrow klass range: 0x100000000

GC Precious Log:
 CPUs: 8 total, 8 available
 Memory: 16221M
 Large Page Support: Disabled
 NUMA Support: Disabled
 Compressed Oops: Enabled (Zero based)
 Heap Region Size: 2M
 Heap Min Capacity: 8M
 Heap Initial Capacity: 254M
 Heap Max Capacity: 4056M
 Pre-touch: Disabled
 Parallel Workers: 8
 Concurrent Workers: 2
 Concurrent Refinement Workers: 8
 Periodic GC: Disabled

Heap:
 garbage-first heap   total 81920K, used 37613K [0x0000000702800000, 0x0000000800000000)
  region size 2048K, 12 young (24576K), 2 survivors (4096K)
 Metaspace       used 37322K, committed 37824K, reserved 1114112K
  class space    used 4883K, committed 5120K, reserved 1048576K

Heap Regions: E=young(eden), S=young(survivor), O=old, HS=humongous(starts), HC=humongous(continues), CS=collection set, F=free, OA=open archive, CA=closed archive, TAMS=top-at-mark-start (previous, next)
|   0|0x0000000702800000, 0x0000000702a00000, 0x0000000702a00000|100%| O|  |TAMS 0x0000000702a00000, 0x0000000702800000| Untracked 
|   1|0x0000000702a00000, 0x0000000702c00000, 0x0000000702c00000|100%| O|  |TAMS 0x0000000702c00000, 0x0000000702a00000| Untracked 
|   2|0x0000000702c00000, 0x0000000702e00000, 0x0000000702e00000|100%| O|  |TAMS 0x0000000702e00000, 0x0000000702c00000| Untracked 
|   3|0x0000000702e00000, 0x0000000703000000, 0x0000000703000000|100%| O|  |TAMS 0x0000000703000000, 0x0000000702e00000| Untracked 
|   4|0x0000000703000000, 0x0000000703200000, 0x0000000703200000|100%| O|  |TAMS 0x0000000703200000, 0x0000000703000000| Untracked 
|   5|0x0000000703200000, 0x0000000703400000, 0x0000000703400000|100%| O|  |TAMS 0x0000000703400000, 0x0000000703200000| Untracked 
|   6|0x0000000703400000, 0x0000000703600000, 0x0000000703600000|100%| O|  |TAMS 0x0000000703600000, 0x0000000703400000| Untracked 
|   7|0x0000000703600000, 0x0000000703800000, 0x0000000703800000|100%| O|  |TAMS 0x0000000703800000, 0x0000000703600000| Untracked 
|   8|0x0000000703800000, 0x0000000703891a00, 0x0000000703a00000| 28%| O|  |TAMS 0x0000000703891a00, 0x0000000703800000| Untracked 
|   9|0x0000000703a00000, 0x0000000703a00000, 0x0000000703c00000|  0%| F|  |TAMS 0x0000000703a00000, 0x0000000703a00000| Untracked 
|  10|0x0000000703c00000, 0x0000000703c00000, 0x0000000703e00000|  0%| F|  |TAMS 0x0000000703c00000, 0x0000000703c00000| Untracked 
|  11|0x0000000703e00000, 0x0000000703e00000, 0x0000000704000000|  0%| F|  |TAMS 0x0000000703e00000, 0x0000000703e00000| Untracked 
|  12|0x0000000704000000, 0x0000000704000000, 0x0000000704200000|  0%| F|  |TAMS 0x0000000704000000, 0x0000000704000000| Untracked 
|  13|0x0000000704200000, 0x0000000704200000, 0x0000000704400000|  0%| F|  |TAMS 0x0000000704200000, 0x0000000704200000| Untracked 
|  14|0x0000000704400000, 0x0000000704400000, 0x0000000704600000|  0%| F|  |TAMS 0x0000000704400000, 0x0000000704400000| Untracked 
|  15|0x0000000704600000, 0x0000000704600000, 0x0000000704800000|  0%| F|  |TAMS 0x0000000704600000, 0x0000000704600000| Untracked 
|  16|0x0000000704800000, 0x0000000704800000, 0x0000000704a00000|  0%| F|  |TAMS 0x0000000704800000, 0x0000000704800000| Untracked 
|  17|0x0000000704a00000, 0x0000000704a00000, 0x0000000704c00000|  0%| F|  |TAMS 0x0000000704a00000, 0x0000000704a00000| Untracked 
|  18|0x0000000704c00000, 0x0000000704c00000, 0x0000000704e00000|  0%| F|  |TAMS 0x0000000704c00000, 0x0000000704c00000| Untracked 
|  19|0x0000000704e00000, 0x0000000704e00000, 0x0000000705000000|  0%| F|  |TAMS 0x0000000704e00000, 0x0000000704e00000| Untracked 
|  20|0x0000000705000000, 0x0000000705000000, 0x0000000705200000|  0%| F|  |TAMS 0x0000000705000000, 0x0000000705000000| Untracked 
|  21|0x0000000705200000, 0x0000000705200000, 0x0000000705400000|  0%| F|  |TAMS 0x0000000705200000, 0x0000000705200000| Untracked 
|  22|0x0000000705400000, 0x0000000705400000, 0x0000000705600000|  0%| F|  |TAMS 0x0000000705400000, 0x0000000705400000| Untracked 
|  23|0x0000000705600000, 0x0000000705600000, 0x0000000705800000|  0%| F|  |TAMS 0x0000000705600000, 0x0000000705600000| Untracked 
|  24|0x0000000705800000, 0x0000000705800000, 0x0000000705a00000|  0%| F|  |TAMS 0x0000000705800000, 0x0000000705800000| Untracked 
|  25|0x0000000705a00000, 0x0000000705a00000, 0x0000000705c00000|  0%| F|  |TAMS 0x0000000705a00000, 0x0000000705a00000| Untracked 
|  26|0x0000000705c00000, 0x0000000705c00000, 0x0000000705e00000|  0%| F|  |TAMS 0x0000000705c00000, 0x0000000705c00000| Untracked 
|  27|0x0000000705e00000, 0x0000000705e00000, 0x0000000706000000|  0%| F|  |TAMS 0x0000000705e00000, 0x0000000705e00000| Untracked 
|  28|0x0000000706000000, 0x000000070614d518, 0x0000000706200000| 65%| E|  |TAMS 0x0000000706000000, 0x0000000706000000| Complete 
|  29|0x0000000706200000, 0x0000000706400000, 0x0000000706400000|100%| E|CS|TAMS 0x0000000706200000, 0x0000000706200000| Complete 
|  30|0x0000000706400000, 0x0000000706600000, 0x0000000706600000|100%| E|CS|TAMS 0x0000000706400000, 0x0000000706400000| Complete 
|  31|0x0000000706600000, 0x0000000706800000, 0x0000000706800000|100%| E|CS|TAMS 0x0000000706600000, 0x0000000706600000| Complete 
|  32|0x0000000706800000, 0x0000000706a00000, 0x0000000706a00000|100%| E|CS|TAMS 0x0000000706800000, 0x0000000706800000| Complete 
|  33|0x0000000706a00000, 0x0000000706c00000, 0x0000000706c00000|100%| E|CS|TAMS 0x0000000706a00000, 0x0000000706a00000| Complete 
|  34|0x0000000706c00000, 0x0000000706e00000, 0x0000000706e00000|100%| E|CS|TAMS 0x0000000706c00000, 0x0000000706c00000| Complete 
|  35|0x0000000706e00000, 0x0000000707000000, 0x0000000707000000|100%| E|CS|TAMS 0x0000000706e00000, 0x0000000706e00000| Complete 
|  36|0x0000000707000000, 0x0000000707200000, 0x0000000707200000|100%| E|CS|TAMS 0x0000000707000000, 0x0000000707000000| Complete 
|  99|0x000000070ee00000, 0x000000070ee29a48, 0x000000070f000000|  8%| S|CS|TAMS 0x000000070ee00000, 0x000000070ee00000| Complete 
| 100|0x000000070f000000, 0x000000070f200000, 0x000000070f200000|100%| S|CS|TAMS 0x000000070f000000, 0x000000070f000000| Complete 
| 126|0x0000000712400000, 0x0000000712600000, 0x0000000712600000|100%| E|CS|TAMS 0x0000000712400000, 0x0000000712400000| Complete 

Card table byte_map: [0x0000027e73260000,0x0000027e73a50000] _byte_map_base: 0x0000027e6fa4c000

Marking Bits (Prev, Next): (CMBitMap*) 0x0000027e5bf06270, (CMBitMap*) 0x0000027e5bf062b0
 Prev Bits: [0x0000027e74240000, 0x0000027e781a0000)
 Next Bits: [0x0000027e781a0000, 0x0000027e7c100000)

Polling page: 0x0000027e5b660000

Metaspace:

Usage:
  Non-class:     31.68 MB used.
      Class:      4.77 MB used.
       Both:     36.45 MB used.

Virtual space:
  Non-class space:       64.00 MB reserved,      31.94 MB ( 50%) committed,  1 nodes.
      Class space:        1.00 GB reserved,       5.00 MB ( <1%) committed,  1 nodes.
             Both:        1.06 GB reserved,      36.94 MB (  3%) committed. 

Chunk freelists:
   Non-Class:  15.72 MB
       Class:  11.04 MB
        Both:  26.76 MB

MaxMetaspaceSize: unlimited
CompressedClassSpaceSize: 1.00 GB
Initial GC threshold: 21.00 MB
Current GC threshold: 59.19 MB
CDS: on
MetaspaceReclaimPolicy: balanced
 - commit_granule_bytes: 65536.
 - commit_granule_words: 8192.
 - virtual_space_node_default_size: 8388608.
 - enlarge_chunks_in_place: 1.
 - new_chunks_are_fully_committed: 0.
 - uncommit_free_chunks: 1.
 - use_allocation_guard: 0.
 - handle_deallocations: 1.


Internal statistics:

num_allocs_failed_limit: 6.
num_arena_births: 686.
num_arena_deaths: 0.
num_vsnodes_births: 2.
num_vsnodes_deaths: 0.
num_space_committed: 591.
num_space_uncommitted: 0.
num_chunks_returned_to_freelist: 6.
num_chunks_taken_from_freelist: 2091.
num_chunk_merges: 6.
num_chunk_splits: 1418.
num_chunks_enlarged: 1025.
num_inconsistent_stats: 0.

CodeHeap 'non-profiled nmethods': size=120000Kb used=2788Kb max_used=2788Kb free=117211Kb
 bounds [0x0000027e6b210000, 0x0000027e6b4d0000, 0x0000027e72740000]
CodeHeap 'profiled nmethods': size=120000Kb used=10030Kb max_used=10030Kb free=109969Kb
 bounds [0x0000027e63740000, 0x0000027e64110000, 0x0000027e6ac70000]
CodeHeap 'non-nmethods': size=5760Kb used=1239Kb max_used=1338Kb free=4520Kb
 bounds [0x0000027e6ac70000, 0x0000027e6aee0000, 0x0000027e6b210000]
 total_blobs=5229 nmethods=4681 adapters=460
 compilation: enabled
              stopped_count=0, restarted_count=0
 full_count=0

Compilation events (20 events):
Event: 64.165 Thread 0x0000027e7eb8d750 4668       3       java.lang.invoke.MethodHandles::argumentsWithCombiner (130 bytes)
Event: 64.166 Thread 0x0000027e7eb8d750 nmethod 4668 0x0000027e64105090 code [0x0000027e64105340, 0x0000027e64106218]
Event: 64.166 Thread 0x0000027e7eb8d750 4672       3       java.lang.invoke.LambdaFormBuffer::clearDuplicatesAndNulls (268 bytes)
Event: 64.167 Thread 0x0000027e7eb8d750 nmethod 4672 0x0000027e64106890 code [0x0000027e64106b20, 0x0000027e64107c58]
Event: 64.167 Thread 0x0000027e7eb8d750 4673       3       java.lang.invoke.LambdaFormBuffer::endEdit (313 bytes)
Event: 64.168 Thread 0x0000027e7eb8d750 nmethod 4673 0x0000027e64108190 code [0x0000027e64108400, 0x0000027e64109238]
Event: 64.168 Thread 0x0000027e7eb8d750 4677       3       jdk.internal.org.objectweb.asm.AnnotationWriter::computeAnnotationsSize (42 bytes)
Event: 64.168 Thread 0x0000027e7eb8d750 nmethod 4677 0x0000027e64109610 code [0x0000027e641097c0, 0x0000027e64109a28]
Event: 64.168 Thread 0x0000027e7eb8d750 4678       3       java.lang.invoke.LambdaForm$Name::withConstraint (20 bytes)
Event: 64.168 Thread 0x0000027e7eb8d750 nmethod 4678 0x0000027e64109b90 code [0x0000027e64109d40, 0x0000027e64109f68]
Event: 64.168 Thread 0x0000027e7eb8d750 4679       1       java.lang.invoke.LambdaForm::arity (5 bytes)
Event: 64.168 Thread 0x0000027e7eb8d750 nmethod 4679 0x0000027e6b4c8990 code [0x0000027e6b4c8b20, 0x0000027e6b4c8bf8]
Event: 64.169 Thread 0x0000027e7eb8d750 4682       3       java.lang.invoke.LambdaFormEditor$TransformKey::packedBytes (39 bytes)
Event: 64.170 Thread 0x0000027e7eb8d750 nmethod 4682 0x0000027e6410a010 code [0x0000027e6410a1a0, 0x0000027e6410a2b8]
Event: 64.170 Thread 0x0000027e7eb8d750 4683       3       java.lang.Long::valueOf (40 bytes)
Event: 64.170 Thread 0x0000027e7eb8d750 nmethod 4683 0x0000027e6410a390 code [0x0000027e6410a540, 0x0000027e6410a898]
Event: 64.170 Thread 0x0000027e7eb8d750 4684       3       java.lang.Long::stringSize (55 bytes)
Event: 64.170 Thread 0x0000027e7eb8d750 nmethod 4684 0x0000027e6410aa10 code [0x0000027e6410abc0, 0x0000027e6410ae58]
Event: 64.170 Thread 0x0000027e7eb8d750 4685       3       java.lang.Long::getChars (208 bytes)
Event: 64.171 Thread 0x0000027e7eb8d750 nmethod 4685 0x0000027e6410af10 code [0x0000027e6410b100, 0x0000027e6410b718]

GC Heap History (18 events):
Event: 0.849 GC heap before
{Heap before GC invocations=0 (full 0):
 garbage-first heap   total 260096K, used 22528K [0x0000000702800000, 0x0000000800000000)
  region size 2048K, 11 young (22528K), 0 survivors (0K)
 Metaspace       used 6474K, committed 6720K, reserved 1114112K
  class space    used 777K, committed 896K, reserved 1048576K
}
Event: 0.852 GC heap after
{Heap after GC invocations=1 (full 0):
 garbage-first heap   total 260096K, used 4918K [0x0000000702800000, 0x0000000800000000)
  region size 2048K, 2 young (4096K), 2 survivors (4096K)
 Metaspace       used 6474K, committed 6720K, reserved 1114112K
  class space    used 777K, committed 896K, reserved 1048576K
}
Event: 1.316 GC heap before
{Heap before GC invocations=1 (full 0):
 garbage-first heap   total 260096K, used 33590K [0x0000000702800000, 0x0000000800000000)
  region size 2048K, 16 young (32768K), 2 survivors (4096K)
 Metaspace       used 13924K, committed 14144K, reserved 1114112K
  class space    used 1702K, committed 1792K, reserved 1048576K
}
Event: 1.321 GC heap after
{Heap after GC invocations=2 (full 0):
 garbage-first heap   total 260096K, used 7740K [0x0000000702800000, 0x0000000800000000)
  region size 2048K, 2 young (4096K), 2 survivors (4096K)
 Metaspace       used 13924K, committed 14144K, reserved 1114112K
  class space    used 1702K, committed 1792K, reserved 1048576K
}
Event: 2.357 GC heap before
{Heap before GC invocations=2 (full 0):
 garbage-first heap   total 260096K, used 54844K [0x0000000702800000, 0x0000000800000000)
  region size 2048K, 26 young (53248K), 2 survivors (4096K)
 Metaspace       used 21218K, committed 21504K, reserved 1114112K
  class space    used 2624K, committed 2752K, reserved 1048576K
}
Event: 2.362 GC heap after
{Heap after GC invocations=3 (full 0):
 garbage-first heap   total 260096K, used 11005K [0x0000000702800000, 0x0000000800000000)
  region size 2048K, 3 young (6144K), 3 survivors (6144K)
 Metaspace       used 21218K, committed 21504K, reserved 1114112K
  class space    used 2624K, committed 2752K, reserved 1048576K
}
Event: 2.926 GC heap before
{Heap before GC invocations=4 (full 0):
 garbage-first heap   total 49152K, used 33533K [0x0000000702800000, 0x0000000800000000)
  region size 2048K, 14 young (28672K), 3 survivors (6144K)
 Metaspace       used 26424K, committed 26816K, reserved 1114112K
  class space    used 3327K, committed 3520K, reserved 1048576K
}
Event: 2.933 GC heap after
{Heap after GC invocations=5 (full 0):
 garbage-first heap   total 49152K, used 13829K [0x0000000702800000, 0x0000000800000000)
  region size 2048K, 2 young (4096K), 2 survivors (4096K)
 Metaspace       used 26424K, committed 26816K, reserved 1114112K
  class space    used 3327K, committed 3520K, reserved 1048576K
}
Event: 2.973 GC heap before
{Heap before GC invocations=5 (full 0):
 garbage-first heap   total 49152K, used 15877K [0x0000000702800000, 0x0000000800000000)
  region size 2048K, 3 young (6144K), 2 survivors (4096K)
 Metaspace       used 26762K, committed 27200K, reserved 1114112K
  class space    used 3378K, committed 3584K, reserved 1048576K
}
Event: 2.978 GC heap after
{Heap after GC invocations=6 (full 0):
 garbage-first heap   total 49152K, used 14146K [0x0000000702800000, 0x0000000800000000)
  region size 2048K, 1 young (2048K), 1 survivors (2048K)
 Metaspace       used 26762K, committed 27200K, reserved 1114112K
  class space    used 3378K, committed 3584K, reserved 1048576K
}
Event: 3.347 GC heap before
{Heap before GC invocations=6 (full 0):
 garbage-first heap   total 49152K, used 30530K [0x0000000702800000, 0x0000000800000000)
  region size 2048K, 9 young (18432K), 1 survivors (2048K)
 Metaspace       used 30699K, committed 31168K, reserved 1114112K
  class space    used 3964K, committed 4160K, reserved 1048576K
}
Event: 3.349 GC heap after
{Heap after GC invocations=7 (full 0):
 garbage-first heap   total 49152K, used 15055K [0x0000000702800000, 0x0000000800000000)
  region size 2048K, 1 young (2048K), 1 survivors (2048K)
 Metaspace       used 30699K, committed 31168K, reserved 1114112K
  class space    used 3964K, committed 4160K, reserved 1048576K
}
Event: 3.643 GC heap before
{Heap before GC invocations=7 (full 0):
 garbage-first heap   total 49152K, used 33487K [0x0000000702800000, 0x0000000800000000)
  region size 2048K, 10 young (20480K), 1 survivors (2048K)
 Metaspace       used 33392K, committed 33856K, reserved 1114112K
  class space    used 4360K, committed 4544K, reserved 1048576K
}
Event: 3.645 GC heap after
{Heap after GC invocations=8 (full 0):
 garbage-first heap   total 49152K, used 17254K [0x0000000702800000, 0x0000000800000000)
  region size 2048K, 2 young (4096K), 2 survivors (4096K)
 Metaspace       used 33392K, committed 33856K, reserved 1114112K
  class space    used 4360K, committed 4544K, reserved 1048576K
}
Event: 3.980 GC heap before
{Heap before GC invocations=8 (full 0):
 garbage-first heap   total 49152K, used 33638K [0x0000000702800000, 0x0000000800000000)
  region size 2048K, 10 young (20480K), 2 survivors (4096K)
 Metaspace       used 35603K, committed 36096K, reserved 1114112K
  class space    used 4652K, committed 4864K, reserved 1048576K
}
Event: 3.984 GC heap after
{Heap after GC invocations=9 (full 0):
 garbage-first heap   total 49152K, used 19239K [0x0000000702800000, 0x0000000800000000)
  region size 2048K, 2 young (4096K), 2 survivors (4096K)
 Metaspace       used 35603K, committed 36096K, reserved 1114112K
  class space    used 4652K, committed 4864K, reserved 1048576K
}
Event: 3.993 GC heap before
{Heap before GC invocations=9 (full 0):
 garbage-first heap   total 49152K, used 19239K [0x0000000702800000, 0x0000000800000000)
  region size 2048K, 3 young (6144K), 2 survivors (4096K)
 Metaspace       used 35678K, committed 36096K, reserved 1114112K
  class space    used 4663K, committed 4864K, reserved 1048576K
}
Event: 3.996 GC heap after
{Heap after GC invocations=10 (full 0):
 garbage-first heap   total 155648K, used 19181K [0x0000000702800000, 0x0000000800000000)
  region size 2048K, 2 young (4096K), 2 survivors (4096K)
 Metaspace       used 35678K, committed 36096K, reserved 1114112K
  class space    used 4663K, committed 4864K, reserved 1048576K
}

Deoptimization events (20 events):
Event: 3.960 Thread 0x0000027e5be98130 Uncommon trap: trap_request=0xffffffde fr.pc=0x0000027e6b4409e0 relative=0x0000000000000160
Event: 3.960 Thread 0x0000027e5be98130 Uncommon trap: reason=class_check action=maybe_recompile pc=0x0000027e6b4409e0 method=java.lang.reflect.Array.newInstance(Ljava/lang/Class;I)Ljava/lang/Object; @ 2 c2
Event: 3.960 Thread 0x0000027e5be98130 DEOPT PACKING pc=0x0000027e6b4409e0 sp=0x000000c03cefa770
Event: 3.960 Thread 0x0000027e5be98130 DEOPT UNPACKING pc=0x0000027e6acc23a3 sp=0x000000c03cefa708 mode 2
Event: 3.961 Thread 0x0000027e5be98130 Uncommon trap: trap_request=0xffffffde fr.pc=0x0000027e6b4409e0 relative=0x0000000000000160
Event: 3.961 Thread 0x0000027e5be98130 Uncommon trap: reason=class_check action=maybe_recompile pc=0x0000027e6b4409e0 method=java.lang.reflect.Array.newInstance(Ljava/lang/Class;I)Ljava/lang/Object; @ 2 c2
Event: 3.961 Thread 0x0000027e5be98130 DEOPT PACKING pc=0x0000027e6b4409e0 sp=0x000000c03cefa770
Event: 3.961 Thread 0x0000027e5be98130 DEOPT UNPACKING pc=0x0000027e6acc23a3 sp=0x000000c03cefa708 mode 2
Event: 4.117 Thread 0x0000027e5be98130 Uncommon trap: trap_request=0xfffffff4 fr.pc=0x0000027e6b39036c relative=0x00000000000011cc
Event: 4.117 Thread 0x0000027e5be98130 Uncommon trap: reason=null_check action=make_not_entrant pc=0x0000027e6b39036c method=org.springframework.beans.factory.support.DefaultSingletonBeanRegistry.getSingleton(Ljava/lang/String;Z)Ljava/lang/Object; @ 90 c2
Event: 4.117 Thread 0x0000027e5be98130 DEOPT PACKING pc=0x0000027e6b39036c sp=0x000000c03cefe3b0
Event: 4.117 Thread 0x0000027e5be98130 DEOPT UNPACKING pc=0x0000027e6acc23a3 sp=0x000000c03cefe358 mode 2
Event: 4.136 Thread 0x0000027e5be98130 Uncommon trap: trap_request=0xffffffde fr.pc=0x0000027e6b4409e0 relative=0x0000000000000160
Event: 4.136 Thread 0x0000027e5be98130 Uncommon trap: reason=class_check action=maybe_recompile pc=0x0000027e6b4409e0 method=java.lang.reflect.Array.newInstance(Ljava/lang/Class;I)Ljava/lang/Object; @ 2 c2
Event: 4.136 Thread 0x0000027e5be98130 DEOPT PACKING pc=0x0000027e6b4409e0 sp=0x000000c03cefe130
Event: 4.136 Thread 0x0000027e5be98130 DEOPT UNPACKING pc=0x0000027e6acc23a3 sp=0x000000c03cefe0c8 mode 2
Event: 4.203 Thread 0x0000027e5be98130 Uncommon trap: trap_request=0xffffff45 fr.pc=0x0000027e6b49e6fc relative=0x0000000000002c5c
Event: 4.203 Thread 0x0000027e5be98130 Uncommon trap: reason=unstable_if action=reinterpret pc=0x0000027e6b49e6fc method=org.springframework.beans.factory.support.AbstractBeanFactory.isTypeMatch(Ljava/lang/String;Lorg/springframework/core/ResolvableType;Z)Z @ 35 c2
Event: 4.203 Thread 0x0000027e5be98130 DEOPT PACKING pc=0x0000027e6b49e6fc sp=0x000000c03cefe920
Event: 4.203 Thread 0x0000027e5be98130 DEOPT UNPACKING pc=0x0000027e6acc23a3 sp=0x000000c03cefe940 mode 2

Classes unloaded (0 events):
No events

Classes redefined (0 events):
No events

Internal exceptions (20 events):
Event: 3.330 Thread 0x0000027e5be98130 Implicit null exception at 0x0000027e6b365c60 to 0x0000027e6b365f94
Event: 3.331 Thread 0x0000027e5be98130 Exception <a 'sun/nio/fs/WindowsException'{0x0000000704730d40}> (0x0000000704730d40) 
thrown [s\open\src\hotspot\share\prims\jni.cpp, line 516]
Event: 3.335 Thread 0x0000027e5be98130 Exception <a 'java/lang/IncompatibleClassChangeError'{0x0000000704783c48}: Found class java.lang.Object, but interface was expected> (0x0000000704783c48) 
thrown [s\open\src\hotspot\share\interpreter\linkResolver.cpp, line 826]
Event: 3.384 Thread 0x0000027e5be98130 Exception <a 'java/lang/IncompatibleClassChangeError'{0x000000070f006d58}: Found class java.lang.Object, but interface was expected> (0x000000070f006d58) 
thrown [s\open\src\hotspot\share\interpreter\linkResolver.cpp, line 826]
Event: 3.463 Thread 0x0000027e5be98130 Exception <a 'java/lang/NoSuchMethodError'{0x000000070ec373b8}: 'java.lang.Object java.lang.invoke.DirectMethodHandle$Holder.newInvokeSpecial(java.lang.Object, long)'> (0x000000070ec373b8) 
thrown [s\open\src\hotspot\share\interpreter\linkResolver.cpp, line 759]
Event: 3.546 Thread 0x0000027e5be98130 Exception <a 'java/lang/IncompatibleClassChangeError'{0x0000000704cf84c0}: Found class java.lang.Object, but interface was expected> (0x0000000704cf84c0) 
thrown [s\open\src\hotspot\share\interpreter\linkResolver.cpp, line 826]
Event: 3.553 Thread 0x0000027e5be98130 Exception <a 'java/lang/NoSuchMethodError'{0x0000000704d63570}: 'java.lang.Object java.lang.invoke.DirectMethodHandle$Holder.newInvokeSpecial(java.lang.Object, java.lang.Object, java.lang.Object, java.lang.Object, java.lang.Object, java.lang.Object)'> (0x0000000704d63570) 
thrown [s\open\src\hotspot\share\interpreter\linkResolver.cpp, line 759]
Event: 3.591 Thread 0x0000027e5be98130 Exception <a 'java/lang/NoSuchMethodError'{0x0000000704b716d0}: 'int java.lang.invoke.DirectMethodHandle$Holder.invokeStatic(java.lang.Object, java.lang.Object, int)'> (0x0000000704b716d0) 
thrown [s\open\src\hotspot\share\interpreter\linkResolver.cpp, line 759]
Event: 3.592 Thread 0x0000027e5be98130 Exception <a 'java/lang/NoSuchMethodError'{0x0000000704b8af00}: 'java.lang.Object java.lang.invoke.DirectMethodHandle$Holder.invokeStatic(java.lang.Object, java.lang.Object, int, java.lang.Object)'> (0x0000000704b8af00) 
thrown [s\open\src\hotspot\share\interpreter\linkResolver.cpp, line 759]
Event: 3.593 Thread 0x0000027e5be98130 Exception <a 'java/lang/NoSuchMethodError'{0x0000000704b92408}: 'java.lang.Object java.lang.invoke.DirectMethodHandle$Holder.newInvokeSpecial(java.lang.Object, java.lang.Object, int)'> (0x0000000704b92408) 
thrown [s\open\src\hotspot\share\interpreter\linkResolver.cpp, line 759]
Event: 3.709 Thread 0x0000027e5be98130 Exception <a 'sun/nio/fs/WindowsException'{0x000000070ee50ba8}> (0x000000070ee50ba8) 
thrown [s\open\src\hotspot\share\prims\jni.cpp, line 516]
Event: 4.088 Thread 0x0000027e5be98130 Exception <a 'java/lang/IncompatibleClassChangeError'{0x00000007071b5518}: Found class java.lang.Object, but interface was expected> (0x00000007071b5518) 
thrown [s\open\src\hotspot\share\interpreter\linkResolver.cpp, line 826]
Event: 4.113 Thread 0x0000027e5be98130 Exception <a 'java/lang/NoSuchMethodError'{0x0000000706ef0110}: 'int java.lang.invoke.DirectMethodHandle$Holder.invokeStaticInit(java.lang.Object, java.lang.Object, java.lang.Object, java.lang.Object)'> (0x0000000706ef0110) 
thrown [s\open\src\hotspot\share\interpreter\linkResolver.cpp, line 759]
Event: 4.117 Thread 0x0000027e5be98130 Implicit null exception at 0x0000027e6b38fe73 to 0x0000027e6b39035c
Event: 4.161 Thread 0x0000027e5be98130 Exception <a 'java/lang/NoSuchMethodError'{0x0000000706d40820}: 'java.lang.Object java.lang.invoke.DirectMethodHandle$Holder.newInvokeSpecial(java.lang.Object, java.lang.Object, int, java.lang.Object, java.lang.Object)'> (0x0000000706d40820) 
thrown [s\open\src\hotspot\share\interpreter\linkResolver.cpp, line 759]
Event: 4.162 Thread 0x0000027e5be98130 Exception <a 'java/lang/NoSuchMethodError'{0x0000000706d4be98}: 'java.lang.Object java.lang.invoke.DirectMethodHandle$Holder.invokeSpecial(java.lang.Object, java.lang.Object, int, java.lang.Object, int, java.lang.Object)'> (0x0000000706d4be98) 
thrown [s\open\src\hotspot\share\interpreter\linkResolver.cpp, line 759]
Event: 4.162 Thread 0x0000027e5be98130 Exception <a 'java/lang/NoSuchMethodError'{0x0000000706d53ca0}: 'java.lang.Object java.lang.invoke.DirectMethodHandle$Holder.newInvokeSpecial(java.lang.Object, java.lang.Object, int, java.lang.Object, int)'> (0x0000000706d53ca0) 
thrown [s\open\src\hotspot\share\interpreter\linkResolver.cpp, line 759]
Event: 4.162 Thread 0x0000027e5be98130 Exception <a 'java/lang/NoSuchMethodError'{0x0000000706d57da0}: 'java.lang.Object java.lang.invoke.DirectMethodHandle$Holder.invokeSpecial(java.lang.Object, java.lang.Object, java.lang.Object, int, java.lang.Object, int)'> (0x0000000706d57da0) 
thrown [s\open\src\hotspot\share\interpreter\linkResolver.cpp, line 759]
Event: 64.165 Thread 0x0000027e46874af0 Exception <a 'java/lang/NoSuchMethodError'{0x00000007060402f0}: 'java.lang.Object java.lang.invoke.DirectMethodHandle$Holder.invokeSpecial(java.lang.Object, java.lang.Object, long, int, int, int, int, int, int, int, int, int)'> (0x00000007060402f0) 
thrown [s\open\src\hotspot\share\interpreter\linkResolver.cpp, line 759]
Event: 64.165 Thread 0x0000027e46874af0 Exception <a 'java/lang/NoSuchMethodError'{0x0000000706043f88}: 'java.lang.Object java.lang.invoke.DelegatingMethodHandle$Holder.reinvoke_L(java.lang.Object, long, int, int, int, int, int, int, int, int, int)'> (0x0000000706043f88) 
thrown [s\open\src\hotspot\share\interpreter\linkResolver.cpp, line 759]

VM Operations (20 events):
Event: 3.993 Executing VM operation: CollectForMetadataAllocation
Event: 3.996 Executing VM operation: CollectForMetadataAllocation done
Event: 4.001 Executing VM operation: HandshakeAllThreads
Event: 4.001 Executing VM operation: HandshakeAllThreads done
Event: 4.015 Executing VM operation: G1Concurrent
Event: 4.017 Executing VM operation: G1Concurrent done
Event: 4.024 Executing VM operation: G1Concurrent
Event: 4.024 Executing VM operation: G1Concurrent done
Event: 4.064 Executing VM operation: HandshakeAllThreads
Event: 4.064 Executing VM operation: HandshakeAllThreads done
Event: 5.064 Executing VM operation: Cleanup
Event: 5.064 Executing VM operation: Cleanup done
Event: 14.070 Executing VM operation: Cleanup
Event: 14.070 Executing VM operation: Cleanup done
Event: 24.074 Executing VM operation: Cleanup
Event: 24.074 Executing VM operation: Cleanup done
Event: 54.088 Executing VM operation: Cleanup
Event: 54.088 Executing VM operation: Cleanup done
Event: 60.179 Executing VM operation: HandshakeAllThreads
Event: 60.179 Executing VM operation: HandshakeAllThreads done

Events (20 events):
Event: 4.183 loading class sun/nio/ch/SinkChannelImpl done
Event: 4.185 Thread 0x0000027e468731a0 Thread added: 0x0000027e468731a0
Event: 4.187 Thread 0x0000027e46875000 Thread added: 0x0000027e46875000
Event: 4.188 loading class java/util/TreeMap$ValueSpliterator
Event: 4.188 loading class java/util/TreeMap$TreeMapSpliterator
Event: 4.188 loading class java/util/TreeMap$TreeMapSpliterator done
Event: 4.188 loading class java/util/TreeMap$ValueSpliterator done
Event: 4.194 loading class java/nio/channels/spi/AbstractSelector$1
Event: 4.194 loading class java/nio/channels/spi/AbstractSelector$1 done
Event: 4.205 loading class jdk/internal/math/FDBigInteger
Event: 4.205 loading class jdk/internal/math/FDBigInteger done
Event: 4.209 loading class java/util/IdentityHashMap$KeySpliterator
Event: 4.210 loading class java/util/IdentityHashMap$IdentityHashMapSpliterator
Event: 4.210 loading class java/util/IdentityHashMap$IdentityHashMapSpliterator done
Event: 4.210 loading class java/util/IdentityHashMap$KeySpliterator done
Event: 4.211 Thread 0x0000027e5be98130 Thread exited: 0x0000027e5be98130
Event: 4.211 Thread 0x0000027e46878cc0 Thread added: 0x0000027e46878cc0
Event: 9.233 Thread 0x0000027e46544430 Thread exited: 0x0000027e46544430
Event: 9.397 Thread 0x0000027e7f3b1700 Thread exited: 0x0000027e7f3b1700
Event: 64.170 Thread 0x0000027e46877370 Thread added: 0x0000027e46877370


Dynamic libraries:
0x00007ff702860000 - 0x00007ff702870000 	C:\Program Files\Java\jdk-17\bin\java.exe
0x00007ffb1d650000 - 0x00007ffb1d867000 	C:\WINDOWS\SYSTEM32\ntdll.dll
0x00007ffb1cee0000 - 0x00007ffb1cfa4000 	C:\WINDOWS\System32\KERNEL32.DLL
0x00007ffb1aa40000 - 0x00007ffb1ade6000 	C:\WINDOWS\System32\KERNELBASE.dll
0x00007ffb1b150000 - 0x00007ffb1b261000 	C:\WINDOWS\System32\ucrtbase.dll
0x00007ffacfde0000 - 0x00007ffacfdf9000 	C:\Program Files\Java\jdk-17\bin\jli.dll
0x00007ffacdbd0000 - 0x00007ffacdbeb000 	C:\Program Files\Java\jdk-17\bin\VCRUNTIME140.dll
0x00007ffb1ce20000 - 0x00007ffb1ced3000 	C:\WINDOWS\System32\ADVAPI32.dll
0x00007ffb1d290000 - 0x00007ffb1d337000 	C:\WINDOWS\System32\msvcrt.dll
0x00007ffb1d460000 - 0x00007ffb1d508000 	C:\WINDOWS\System32\sechost.dll
0x00007ffb1b000000 - 0x00007ffb1b028000 	C:\WINDOWS\System32\bcrypt.dll
0x00007ffb1d170000 - 0x00007ffb1d287000 	C:\WINDOWS\System32\RPCRT4.dll
0x00007ffb1b4b0000 - 0x00007ffb1b65e000 	C:\WINDOWS\System32\USER32.dll
0x00007ffb1a990000 - 0x00007ffb1a9b6000 	C:\WINDOWS\System32\win32u.dll
0x00007ffb1ca40000 - 0x00007ffb1ca69000 	C:\WINDOWS\System32\GDI32.dll
0x00007ffb1b030000 - 0x00007ffb1b148000 	C:\WINDOWS\System32\gdi32full.dll
0x00007ffb1adf0000 - 0x00007ffb1ae8a000 	C:\WINDOWS\System32\msvcp_win.dll
0x00007ffb05400000 - 0x00007ffb05693000 	C:\WINDOWS\WinSxS\amd64_microsoft.windows.common-controls_6595b64144ccf1df_6.0.22621.2506_none_270c5ae97388e100\COMCTL32.dll
0x00007ffb12810000 - 0x00007ffb1281a000 	C:\WINDOWS\SYSTEM32\VERSION.dll
0x00007ffb1cde0000 - 0x00007ffb1ce11000 	C:\WINDOWS\System32\IMM32.DLL
0x00007ffaea6e0000 - 0x00007ffaea6ec000 	C:\Program Files\Java\jdk-17\bin\vcruntime140_1.dll
0x00007ffabe3a0000 - 0x00007ffabe42e000 	C:\Program Files\Java\jdk-17\bin\msvcp140.dll
0x00007ffa7daf0000 - 0x00007ffa7e6cf000 	C:\Program Files\Java\jdk-17\bin\server\jvm.dll
0x00007ffb1d340000 - 0x00007ffb1d348000 	C:\WINDOWS\System32\PSAPI.DLL
0x00007ffb135f0000 - 0x00007ffb13624000 	C:\WINDOWS\SYSTEM32\WINMM.dll
0x00007ffaf29e0000 - 0x00007ffaf29e9000 	C:\WINDOWS\SYSTEM32\WSOCK32.dll
0x00007ffb1bf40000 - 0x00007ffb1bfb1000 	C:\WINDOWS\System32\WS2_32.dll
0x00007ffb19a80000 - 0x00007ffb19a98000 	C:\WINDOWS\SYSTEM32\kernel.appcore.dll
0x00007ffaea660000 - 0x00007ffaea66a000 	C:\Program Files\Java\jdk-17\bin\jimage.dll
0x00007ffb18010000 - 0x00007ffb18243000 	C:\WINDOWS\SYSTEM32\DBGHELP.DLL
0x00007ffb1c650000 - 0x00007ffb1c9d9000 	C:\WINDOWS\System32\combase.dll
0x00007ffb1cfb0000 - 0x00007ffb1d087000 	C:\WINDOWS\System32\OLEAUT32.dll
0x00007ffb018b0000 - 0x00007ffb018e2000 	C:\WINDOWS\SYSTEM32\dbgcore.DLL
0x00007ffb1a9c0000 - 0x00007ffb1aa3a000 	C:\WINDOWS\System32\bcryptPrimitives.dll
0x00007ffb15c00000 - 0x00007ffb15c0e000 	C:\Program Files\Java\jdk-17\bin\instrument.dll
0x00007ffacd8a0000 - 0x00007ffacd8c5000 	C:\Program Files\Java\jdk-17\bin\java.dll
0x00007ffaaf0e0000 - 0x00007ffaaf1b7000 	C:\Program Files\Java\jdk-17\bin\jsvml.dll
0x00007ffb1b6e0000 - 0x00007ffb1bf3b000 	C:\WINDOWS\System32\SHELL32.dll
0x00007ffb188b0000 - 0x00007ffb191a6000 	C:\WINDOWS\SYSTEM32\windows.storage.dll
0x00007ffb18770000 - 0x00007ffb188ae000 	C:\WINDOWS\SYSTEM32\wintypes.dll
0x00007ffb1d360000 - 0x00007ffb1d453000 	C:\WINDOWS\System32\SHCORE.dll
0x00007ffb1c170000 - 0x00007ffb1c1ce000 	C:\WINDOWS\System32\shlwapi.dll
0x00007ffb1a8c0000 - 0x00007ffb1a8e6000 	C:\WINDOWS\SYSTEM32\profapi.dll
0x00007ffac4170000 - 0x00007ffac4188000 	C:\Program Files\Java\jdk-17\bin\zip.dll
0x00007ffaccef0000 - 0x00007ffaccf09000 	C:\Program Files\Java\jdk-17\bin\net.dll
0x00007ffb14b40000 - 0x00007ffb14c77000 	C:\WINDOWS\SYSTEM32\WINHTTP.dll
0x00007ffb19f00000 - 0x00007ffb19f69000 	C:\WINDOWS\system32\mswsock.dll
0x00007ffacced0000 - 0x00007ffaccee6000 	C:\Program Files\Java\jdk-17\bin\nio.dll
0x00007ffb0a150000 - 0x00007ffb0a16a000 	C:\Program Files\JetBrains\IntelliJ IDEA Community Edition 2023.1.1\bin\breakgen64.dll
0x00007ffb1a170000 - 0x00007ffb1a18b000 	C:\WINDOWS\SYSTEM32\CRYPTSP.dll
0x00007ffb199e0000 - 0x00007ffb19a15000 	C:\WINDOWS\system32\rsaenh.dll
0x00007ffb1a010000 - 0x00007ffb1a03c000 	C:\WINDOWS\SYSTEM32\USERENV.dll
0x00007ffb1a190000 - 0x00007ffb1a19c000 	C:\WINDOWS\SYSTEM32\CRYPTBASE.dll
0x00007ffb19480000 - 0x00007ffb194ad000 	C:\WINDOWS\SYSTEM32\IPHLPAPI.DLL
0x00007ffb1cc30000 - 0x00007ffb1cc39000 	C:\WINDOWS\System32\NSI.dll
0x00007ffb149b0000 - 0x00007ffb149c9000 	C:\WINDOWS\SYSTEM32\dhcpcsvc6.DLL
0x00007ffb14990000 - 0x00007ffb149af000 	C:\WINDOWS\SYSTEM32\dhcpcsvc.DLL
0x00007ffb194f0000 - 0x00007ffb195e9000 	C:\WINDOWS\SYSTEM32\DNSAPI.dll
0x00007ffb08a10000 - 0x00007ffb08a1e000 	C:\Program Files\Java\jdk-17\bin\sunmscapi.dll
0x00007ffb1ae90000 - 0x00007ffb1aff6000 	C:\WINDOWS\System32\CRYPT32.dll
0x00007ffb1a330000 - 0x00007ffb1a35e000 	C:\WINDOWS\SYSTEM32\ncrypt.dll
0x00007ffb1a2f0000 - 0x00007ffb1a327000 	C:\WINDOWS\SYSTEM32\NTASN1.dll
0x00007ffb0a7c0000 - 0x00007ffb0a7ca000 	C:\Program Files\Java\jdk-17\bin\management.dll
0x00007ffb0a300000 - 0x00007ffb0a30b000 	C:\Program Files\Java\jdk-17\bin\management_ext.dll
0x00007ffb079e0000 - 0x00007ffb079ea000 	C:\Windows\System32\rasadhlp.dll
0x00007ffb13820000 - 0x00007ffb138a3000 	C:\WINDOWS\System32\fwpuclnt.dll
0x00007ffb05a00000 - 0x00007ffb05a08000 	C:\WINDOWS\system32\wshunix.dll

dbghelp: loaded successfully - version: 4.0.5 - missing functions: none
symbol engine: initialized successfully - sym options: 0x614 - pdb path: .;C:\Program Files\Java\jdk-17\bin;C:\WINDOWS\SYSTEM32;C:\WINDOWS\WinSxS\amd64_microsoft.windows.common-controls_6595b64144ccf1df_6.0.22621.2506_none_270c5ae97388e100;C:\Program Files\Java\jdk-17\bin\server;C:\Program Files\JetBrains\IntelliJ IDEA Community Edition 2023.1.1\bin

VM Arguments:
jvm_args: -javaagent:C:\Program Files\JetBrains\IntelliJ IDEA Community Edition 2023.1.1\lib\idea_rt.jar=63823:C:\Program Files\JetBrains\IntelliJ IDEA Community Edition 2023.1.1\bin -Dfile.encoding=UTF-8 
java_command: com.example.social.SocialApplication
java_class_path (initial): C:\Users\Admin\Documents\NetBeansProjects\JAVA-WEB\social\target\classes;C:\Users\Admin\.m2\repository\org\springframework\boot\spring-boot-starter-data-mongodb\3.1.7\spring-boot-starter-data-mongodb-3.1.7.jar;C:\Users\Admin\.m2\repository\org\springframework\boot\spring-boot-starter\3.1.7\spring-boot-starter-3.1.7.jar;C:\Users\Admin\.m2\repository\org\springframework\boot\spring-boot\3.1.7\spring-boot-3.1.7.jar;C:\Users\Admin\.m2\repository\org\springframework\boot\spring-boot-autoconfigure\3.1.7\spring-boot-autoconfigure-3.1.7.jar;C:\Users\Admin\.m2\repository\org\springframework\boot\spring-boot-starter-logging\3.1.7\spring-boot-starter-logging-3.1.7.jar;C:\Users\Admin\.m2\repository\ch\qos\logback\logback-classic\1.4.14\logback-classic-1.4.14.jar;C:\Users\Admin\.m2\repository\ch\qos\logback\logback-core\1.4.14\logback-core-1.4.14.jar;C:\Users\Admin\.m2\repository\org\apache\logging\log4j\log4j-to-slf4j\2.20.0\log4j-to-slf4j-2.20.0.jar;C:\Users\Admin\.m2\repository\org\apache\logging\log4j\log4j-api\2.20.0\log4j-api-2.20.0.jar;C:\Users\Admin\.m2\repository\org\slf4j\jul-to-slf4j\2.0.9\jul-to-slf4j-2.0.9.jar;C:\Users\Admin\.m2\repository\jakarta\annotation\jakarta.annotation-api\2.1.1\jakarta.annotation-api-2.1.1.jar;C:\Users\Admin\.m2\repository\org\yaml\snakeyaml\1.33\snakeyaml-1.33.jar;C:\Users\Admin\.m2\repository\org\mongodb\mongodb-driver-sync\4.9.1\mongodb-driver-sync-4.9.1.jar;C:\Users\Admin\.m2\repository\org\mongodb\bson\4.9.1\bson-4.9.1.jar;C:\Users\Admin\.m2\repository\org\mongodb\mongodb-driver-core\4.9.1\mongodb-driver-core-4.9.1.jar;C:\Users\Admin\.m2\repository\org\mongodb\bson-record-codec\4.9.1\bson-record-codec-4.9.1.jar;C:\Users\Admin\.m2\repository\org\springframework\data\spring-data-mongodb\4.1.7\spring-data-mongodb-4.1.7.jar;C:\Users\Admin\.m2\repository\org\springframework\spring-tx\6.0.15\spring-tx-6.0.15.jar;C:\Users\Admin\.m2\repository\org\springframework\spring-context\6.0.15\spring-context-6.0.15.jar;C:\U
Launcher Type: SUN_STANDARD

[Global flags]
     intx CICompilerCount                          = 4                                         {product} {ergonomic}
     uint ConcGCThreads                            = 2                                         {product} {ergonomic}
     uint G1ConcRefinementThreads                  = 8                                         {product} {ergonomic}
   size_t G1HeapRegionSize                         = 2097152                                   {product} {ergonomic}
    uintx GCDrainStackTargetSize                   = 64                                        {product} {ergonomic}
   size_t InitialHeapSize                          = 266338304                                 {product} {ergonomic}
   size_t MarkStackSize                            = 4194304                                   {product} {ergonomic}
   size_t MaxHeapSize                              = 4253024256                                {product} {ergonomic}
   size_t MaxNewSize                               = 2550136832                                {product} {ergonomic}
   size_t MinHeapDeltaBytes                        = 2097152                                   {product} {ergonomic}
   size_t MinHeapSize                              = 8388608                                   {product} {ergonomic}
    uintx NonNMethodCodeHeapSize                   = 5839372                                {pd product} {ergonomic}
    uintx NonProfiledCodeHeapSize                  = 122909434                              {pd product} {ergonomic}
    uintx ProfiledCodeHeapSize                     = 122909434                              {pd product} {ergonomic}
    uintx ReservedCodeCacheSize                    = 251658240                              {pd product} {ergonomic}
     bool SegmentedCodeCache                       = true                                      {product} {ergonomic}
   size_t SoftMaxHeapSize                          = 4253024256                             {manageable} {ergonomic}
     bool UseCompressedClassPointers               = true                           {product lp64_product} {ergonomic}
     bool UseCompressedOops                        = true                           {product lp64_product} {ergonomic}
     bool UseG1GC                                  = true                                      {product} {ergonomic}
     bool UseLargePagesIndividualAllocation        = false                                  {pd product} {ergonomic}

Logging:
Log output configuration:
 #0: stdout all=warning uptime,level,tags
 #1: stderr all=off uptime,level,tags

Environment Variables:
JAVA_HOME=C:\Program Files\Java\jdk-17
PATH=C:\Program Files\Common Files\Oracle\Java\javapath;C:\Program Files\Eclipse Adoptium\jdk-17.0.6.10-hotspot\bin;C:\Program Files (x86)\Common Files\Oracle\Java\javapath;C:\ProgramData\Oracle\Java\javapath;C:\Windows\system32;C:\Windows;C:\Windows\System32\Wbem;C:\Windows\System32\WindowsPowerShell\v1.0\;C:\Windows\System32\OpenSSH\;C:\Program Files (x86)\NVIDIA Corporation\PhysX\Common;C:\Program Files\NVIDIA Corporation\NVIDIA NvDLISR;C:\WINDOWS\system32;C:\WINDOWS;C:\WINDOWS\System32\Wbem;C:\WINDOWS\System32\WindowsPowerShell\v1.0\;C:\WINDOWS\System32\OpenSSH\;C:\Program Files\Microsoft SQL Server\Client SDK\ODBC\170\Tools\Binn\;C:\Program Files (x86)\Microsoft SQL Server\150\Tools\Binn\;C:\Program Files\Microsoft SQL Server\150\Tools\Binn\;C:\Program Files\Microsoft SQL Server\150\DTS\Binn\;C:\Program Files (x86)\Microsoft SQL Server\150\DTS\Binn\;C:\Program Files\Azure Data Studio\bin;C:\Program Files\dotnet\;C:\Program Files\Microsoft Network Monitor 3\;C:\apache-maven-3.8.8\bin;C:\Program Files\PuTTY\;C:\Program Files\Git\cmd;C:\flutter\bin;C:\Users\Admin\AppData\Local\Pub\Cache\bin;C:\Program Files\MATLAB\R2023b\bin;C:\Program Files\Docker\Docker\resources\bin;C:\Program Files\MATLAB\R2017b\bin;C:\Program Files\nodejs\;C:\Users\Admin\AppData\Roaming\npm;C:\Program Files\Java\jdk-17\bin;C:\Users\Admin\AppData\Local\Microsoft\WindowsApps;C:\Users\Admin\AppData\Local\Programs\Microsoft VS Code\bin;C:\Program Files\Azure Data Studio\bin;C:\Users\Admin\.dotnet\tools;
USERNAME=Admin
OS=Windows_NT
PROCESSOR_IDENTIFIER=Intel64 Family 6 Model 165 Stepping 2, GenuineIntel



---------------  S Y S T E M  ---------------

OS:
 Windows 11 , 64 bit Build 22621 (10.0.22621.3085)
OS uptime: 1 days 6:18 hours
Hyper-V role detected

CPU: total 8 (initial active 8) (4 cores per cpu, 2 threads per core) family 6 model 165 stepping 2 microcode 0xe0, cx8, cmov, fxsr, ht, mmx, 3dnowpref, sse, sse2, sse3, ssse3, sse4.1, sse4.2, popcnt, lzcnt, tsc, tscinvbit, avx, avx2, aes, erms, clmul, bmi1, bmi2, adx, fma, vzeroupper, clflush, clflushopt, hv

Memory: 4k page, system-wide physical 16221M (325M free)
TotalPageFile size 41220M (AvailPageFile size 4M)
current process WorkingSet (physical memory assigned to process): 166M, peak: 217M
current process commit charge ("private bytes"): 237M, peak: 414M

vm_info: Java HotSpot(TM) 64-Bit Server VM (17.0.10+11-LTS-240) for windows-amd64 JRE (17.0.10+11-LTS-240), built on Dec 19 2023 21:47:25 by "mach5one" with MS VC++ 17.1 (VS2022)

END.
